SF:lib/ecarbon_history.dart
DA:10,11
DA:12,2
DA:13,2
DA:26,2
DA:28,2
DA:29,2
DA:30,2
DA:31,2
DA:32,2
DA:34,2
DA:36,2
DA:38,6
DA:43,2
DA:45,2
DA:47,2
DA:49,2
DA:52,2
DA:54,2
DA:55,2
DA:56,2
DA:57,2
DA:58,2
DA:60,8
DA:61,10
DA:62,10
DA:63,2
DA:64,2
DA:65,2
DA:70,2
DA:71,2
DA:84,2
DA:86,2
DA:88,2
DA:90,2
DA:92,8
DA:93,4
DA:94,2
LF:37
LH:37
end_of_record
SF:lib/echallenges.dart
DA:4,7
DA:6,1
DA:7,1
DA:28,1
DA:49,7
DA:57,1
DA:59,1
DA:61,1
DA:62,1
DA:66,1
DA:68,1
DA:71,1
DA:72,1
DA:74,1
DA:76,2
DA:79,2
DA:82,1
DA:83,1
DA:84,1
DA:98,1
DA:104,1
DA:106,1
DA:108,1
DA:109,1
DA:110,1
DA:112,1
DA:113,3
LF:27
LH:27
end_of_record
SF:lib/ehomepage.dart
DA:10,8
DA:12,6
DA:13,6
DA:19,6
DA:20,6
DA:21,0
DA:22,0
DA:23,0
DA:26,6
DA:27,18
DA:29,12
DA:33,6
DA:35,6
DA:36,6
DA:38,6
DA:39,6
DA:40,6
DA:41,6
DA:43,6
DA:44,6
DA:45,6
DA:48,6
DA:49,6
DA:50,6
DA:52,6
DA:53,6
DA:55,6
DA:57,6
DA:59,6
DA:61,6
DA:62,6
DA:64,6
DA:65,2
DA:66,2
DA:67,6
DA:70,6
DA:71,6
DA:73,6
DA:75,6
DA:77,6
DA:78,12
DA:79,6
DA:90,6
DA:91,6
DA:92,6
DA:93,6
DA:95,6
DA:96,6
DA:98,6
DA:100,6
DA:101,6
DA:103,6
DA:105,6
DA:106,6
DA:107,6
DA:108,6
DA:109,6
DA:111,12
DA:112,30
DA:113,6
DA:116,6
DA:117,0
DA:118,0
DA:119,0
DA:120,0
DA:123,6
DA:124,6
DA:142,6
DA:143,6
DA:145,6
DA:160,6
DA:162,6
DA:163,2
DA:164,2
DA:166,4
DA:189,6
DA:190,30
LF:77
LH:70
end_of_record
SF:lib/eleaderboards.dart
DA:6,7
DA:8,2
DA:9,2
DA:17,2
DA:18,2
DA:19,0
DA:20,0
DA:21,0
DA:22,0
DA:23,0
DA:24,0
DA:25,0
DA:26,0
DA:27,0
DA:29,0
DA:32,2
DA:33,2
DA:36,2
DA:38,2
DA:39,2
DA:40,2
DA:42,2
DA:43,2
DA:44,2
DA:45,2
DA:46,2
DA:47,4
DA:48,4
DA:49,2
DA:50,6
DA:52,0
DA:54,0
DA:55,0
DA:57,0
DA:59,0
DA:60,0
DA:61,0
DA:62,0
DA:63,0
DA:65,0
DA:66,0
DA:67,0
DA:68,0
DA:69,0
DA:70,0
DA:72,0
DA:74,0
DA:75,0
DA:86,2
DA:88,8
DA:90,2
DA:91,2
DA:92,2
DA:93,4
DA:94,2
DA:95,2
DA:96,0
DA:98,2
DA:99,6
DA:100,8
LF:60
LH:31
end_of_record
SF:lib/emap_nav.dart
DA:19,0
DA:21,0
DA:22,0
DA:53,0
DA:55,0
DA:56,0
DA:57,0
DA:58,0
DA:59,0
DA:63,0
DA:64,0
DA:65,0
DA:68,0
DA:69,0
DA:70,0
DA:71,0
DA:77,0
DA:78,0
DA:79,0
DA:80,0
DA:88,0
DA:89,0
DA:93,0
DA:94,0
DA:99,0
DA:101,0
DA:102,0
DA:103,0
DA:106,0
DA:111,0
DA:112,0
DA:113,0
DA:114,0
DA:119,0
DA:121,0
DA:123,0
DA:126,0
DA:128,0
DA:129,0
DA:131,0
DA:132,0
DA:133,0
DA:135,0
DA:136,0
DA:137,0
DA:138,0
DA:139,0
DA:140,0
DA:141,0
DA:142,0
DA:144,0
DA:148,0
DA:150,0
DA:151,0
DA:152,0
DA:155,0
DA:156,0
DA:157,0
DA:164,0
DA:165,0
DA:167,0
DA:169,0
DA:176,0
DA:177,0
DA:178,0
DA:179,0
DA:180,0
DA:181,0
DA:182,0
DA:185,0
DA:187,0
DA:191,0
DA:192,0
DA:193,0
DA:195,0
DA:196,0
DA:201,0
DA:205,0
DA:206,0
DA:208,0
DA:217,0
DA:218,0
DA:219,0
DA:225,0
DA:226,0
DA:228,0
DA:229,0
DA:230,0
DA:234,0
DA:235,0
DA:236,0
DA:237,0
DA:241,0
DA:242,0
DA:243,0
DA:244,0
DA:245,0
DA:246,0
DA:247,0
DA:248,0
DA:250,0
DA:252,0
DA:253,0
DA:254,0
DA:255,0
DA:258,0
DA:262,0
DA:263,0
DA:264,0
DA:265,0
DA:267,0
DA:268,0
DA:269,0
DA:272,0
DA:275,0
DA:276,0
DA:279,0
DA:282,0
DA:287,0
DA:288,0
DA:294,0
DA:295,0
DA:297,0
DA:298,0
DA:302,0
DA:303,0
DA:304,0
DA:311,0
DA:312,0
DA:318,0
DA:324,0
DA:326,0
DA:327,0
DA:328,0
DA:329,0
DA:330,0
DA:331,0
DA:334,0
DA:335,0
DA:336,0
DA:343,0
DA:344,0
DA:345,0
DA:347,0
DA:348,0
DA:351,0
DA:352,0
DA:353,0
DA:354,0
DA:355,0
DA:356,0
DA:357,0
DA:358,0
DA:359,0
DA:360,0
DA:361,0
DA:362,0
DA:364,0
DA:365,0
DA:366,0
DA:367,0
DA:369,0
DA:370,0
DA:372,0
DA:373,0
DA:375,0
DA:376,0
DA:377,0
DA:387,0
DA:388,0
DA:391,0
DA:392,0
DA:393,0
DA:394,0
DA:397,0
DA:400,0
DA:407,0
DA:408,0
DA:409,0
DA:410,0
DA:412,0
DA:414,0
DA:415,0
DA:418,0
DA:419,0
DA:423,0
DA:425,0
DA:426,0
DA:427,0
DA:428,0
DA:429,0
DA:432,0
DA:434,0
DA:435,0
DA:436,0
DA:437,0
DA:439,0
DA:440,0
DA:441,0
DA:443,0
DA:444,0
DA:445,0
DA:446,0
DA:447,0
DA:453,0
DA:454,0
DA:458,0
DA:460,0
DA:461,0
DA:463,0
DA:465,0
DA:466,0
DA:467,0
DA:477,0
DA:479,0
DA:480,0
DA:481,0
DA:483,0
DA:484,0
DA:485,0
DA:486,0
DA:487,0
DA:488,0
DA:489,0
DA:490,0
DA:494,0
DA:495,0
DA:496,0
DA:499,0
DA:500,0
DA:504,0
DA:505,0
DA:506,0
DA:507,0
DA:508,0
DA:509,0
DA:510,0
DA:511,0
DA:512,0
DA:513,0
DA:514,0
DA:515,0
DA:516,0
DA:517,0
DA:518,0
DA:523,0
DA:526,0
DA:528,0
DA:529,0
DA:530,0
DA:532,0
DA:533,0
DA:535,0
DA:536,0
DA:537,0
DA:540,0
DA:541,0
DA:543,0
DA:545,0
DA:551,0
DA:553,0
DA:554,0
DA:555,0
DA:568,0
DA:570,0
DA:571,0
DA:572,0
DA:580,0
LF:268
LH:0
end_of_record
SF:lib/eprofile.dart
DA:8,7
DA:10,2
DA:11,2
DA:15,2
DA:29,7
DA:31,2
DA:33,2
DA:35,2
DA:37,2
DA:43,2
DA:44,2
DA:46,2
DA:62,2
DA:64,2
DA:65,2
DA:66,2
DA:67,6
DA:70,2
DA:99,7
DA:101,2
DA:124,7
DA:126,2
DA:151,7
DA:153,2
DA:184,7
DA:193,2
DA:195,2
DA:196,2
DA:197,2
DA:199,2
DA:200,2
DA:204,2
DA:205,2
DA:206,4
DA:210,2
DA:213,2
DA:214,2
DA:216,2
DA:217,6
DA:231,2
DA:237,2
DA:239,2
DA:240,0
DA:241,0
DA:243,0
DA:246,2
DA:247,2
DA:252,2
DA:254,2
DA:255,4
DA:266,7
DA:268,2
DA:270,2
DA:272,2
DA:297,7
DA:303,0
DA:305,2
DA:307,2
DA:309,2
DA:310,2
DA:311,2
DA:312,2
DA:313,2
DA:314,4
DA:318,2
DA:319,2
DA:320,2
DA:321,2
DA:339,2
DA:348,2
DA:358,2
DA:360,2
DA:362,2
DA:363,2
DA:364,2
DA:365,2
DA:366,2
DA:368,4
DA:369,2
DA:370,4
DA:374,2
DA:377,2
DA:378,4
DA:380,2
DA:381,2
DA:382,2
LF:86
LH:82
end_of_record
SF:lib/esettings.dart
DA:8,9
DA:10,2
DA:11,2
DA:15,2
DA:17,2
DA:18,2
DA:33,7
DA:35,2
DA:37,2
DA:39,2
DA:40,2
DA:45,2
DA:66,7
DA:68,2
DA:70,2
DA:72,2
DA:73,2
DA:78,2
DA:99,7
DA:101,2
DA:103,2
DA:105,2
DA:106,2
DA:111,2
DA:134,7
DA:136,2
DA:137,2
DA:144,0
DA:145,0
DA:148,0
DA:149,0
DA:154,2
DA:156,2
DA:158,2
DA:159,2
DA:160,2
DA:162,2
DA:164,2
DA:165,2
DA:166,4
DA:169,2
DA:170,2
DA:180,7
DA:182,2
DA:183,2
DA:190,2
DA:192,4
DA:193,2
DA:196,0
DA:197,0
DA:198,0
DA:202,2
DA:204,2
DA:206,2
DA:208,2
DA:209,8
DA:210,2
DA:211,2
DA:212,2
DA:213,2
DA:215,2
DA:218,2
DA:219,2
DA:220,2
DA:221,2
DA:232,7
DA:234,2
DA:235,2
DA:241,2
DA:243,2
DA:245,2
DA:246,2
DA:247,2
DA:249,2
DA:251,2
DA:252,2
DA:253,4
DA:256,2
DA:257,2
DA:258,0
DA:259,0
DA:260,0
LF:82
LH:72
end_of_record
SF:lib/main.dart
DA:8,0
DA:9,0
DA:10,0
DA:11,0
DA:14,0
DA:16,0
DA:17,0
DA:18,0
DA:25,10
DA:28,3
DA:30,3
DA:32,3
DA:34,3
LF:13
LH:5
end_of_record
SF:lib/page_template.dart
DA:9,18
DA:14,6
DA:16,6
DA:18,6
DA:19,6
DA:20,6
DA:25,6
DA:26,6
DA:37,9
DA:39,5
DA:40,5
DA:52,3
DA:53,6
DA:54,3
DA:58,5
DA:60,5
DA:61,0
DA:62,0
DA:64,5
DA:66,5
DA:67,10
DA:68,5
DA:83,5
DA:84,5
DA:85,5
DA:100,6
DA:108,6
DA:110,6
DA:112,6
DA:114,6
DA:115,6
DA:116,6
DA:117,6
DA:118,6
DA:120,12
DA:122,6
DA:125,6
DA:126,12
DA:128,6
DA:129,6
DA:130,6
LF:41
LH:39
end_of_record
SF:lib/firebase_options.dart
DA:18,1
DA:22,1
DA:23,1
DA:25,1
DA:28,1
LF:5
LH:5
end_of_record
SF:lib/floor_model/app_database.g.dart
DA:13,0
DA:14,0
DA:19,0
DA:20,0
DA:24,0
DA:33,0
DA:34,0
DA:39,0
DA:40,0
DA:45,0
DA:46,0
DA:47,0
DA:49,0
DA:50,0
DA:52,0
DA:53,0
DA:60,0
DA:61,0
DA:76,0
DA:81,0
DA:83,0
DA:84,0
DA:85,0
DA:87,0
DA:88,0
DA:90,0
DA:91,0
DA:94,0
DA:96,0
DA:97,0
DA:99,0
DA:101,0
DA:103,0
DA:105,0
DA:107,0
DA:110,0
DA:113,0
DA:116,0
DA:118,0
DA:121,0
DA:123,0
DA:126,0
DA:128,0
DA:131,0
DA:133,0
DA:134,0
DA:137,0
DA:139,0
DA:140,0
DA:143,0
DA:145,0
DA:150,0
DA:153,0
DA:154,0
DA:157,0
DA:158,0
DA:159,0
DA:160,0
DA:161,0
DA:162,0
DA:163,0
DA:165,0
DA:168,0
DA:169,0
DA:170,0
DA:171,0
DA:172,0
DA:173,0
DA:174,0
DA:175,0
DA:188,0
DA:193,0
DA:195,0
DA:198,0
DA:203,0
DA:205,0
DA:208,0
DA:213,0
DA:215,0
DA:218,0
DA:220,0
DA:221,0
DA:222,0
DA:225,0
DA:227,0
DA:228,0
DA:229,0
DA:232,0
DA:234,0
DA:236,0
DA:237,0
DA:240,0
DA:242,0
DA:245,0
DA:247,0
DA:252,0
DA:255,0
DA:256,0
DA:259,0
DA:260,0
DA:261,0
DA:262,0
DA:263,0
DA:264,0
DA:266,0
DA:269,0
DA:270,0
DA:271,0
DA:272,0
DA:273,0
DA:274,0
DA:275,0
DA:288,0
DA:290,0
DA:291,0
DA:292,0
DA:293,0
DA:294,0
DA:295,0
DA:296,0
DA:299,0
DA:301,0
DA:302,0
DA:303,0
DA:304,0
DA:305,0
DA:306,0
DA:307,0
DA:308,0
DA:311,0
DA:313,0
DA:314,0
DA:315,0
DA:316,0
DA:317,0
DA:318,0
DA:319,0
DA:320,0
DA:323,0
DA:328,0
DA:330,0
DA:333,0
DA:339,0
DA:341,0
DA:344,0
DA:346,0
DA:350,0
DA:352,0
DA:357,0
DA:360,0
DA:361,0
DA:364,0
DA:365,0
DA:366,0
DA:367,0
DA:368,0
DA:379,0
DA:384,0
DA:386,0
DA:387,0
DA:388,0
DA:389,0
DA:390,0
DA:391,0
DA:394,0
DA:400,0
DA:402,0
DA:405,0
DA:407,0
DA:409,0
DA:410,0
DA:411,0
DA:412,0
DA:413,0
DA:416,0
DA:418,0
DA:423,0
DA:426,0
DA:427,0
DA:430,0
DA:431,0
DA:432,0
DA:433,0
DA:435,0
DA:438,0
DA:439,0
DA:440,0
DA:441,0
DA:442,0
DA:455,0
DA:457,0
DA:459,0
DA:460,0
DA:461,0
DA:462,0
DA:465,0
DA:470,0
DA:472,0
DA:475,0
DA:477,0
DA:481,0
DA:483,0
DA:488,0
DA:491,0
DA:492,0
DA:495,0
DA:496,0
DA:497,0
DA:498,0
DA:499,0
DA:500,0
DA:502,0
DA:505,0
DA:506,0
DA:507,0
DA:508,0
DA:509,0
DA:510,0
DA:511,0
DA:524,0
DA:526,0
DA:527,0
DA:528,0
DA:529,0
DA:530,0
DA:531,0
DA:532,0
DA:535,0
DA:537,0
DA:541,0
DA:543,0
DA:548,0
DA:551,0
DA:552,0
DA:555,0
DA:556,0
DA:557,0
DA:559,0
DA:562,0
DA:563,0
DA:564,0
DA:565,0
DA:578,0
DA:580,0
DA:581,0
DA:582,0
DA:583,0
DA:584,0
DA:587,0
DA:589,0
DA:592,0
DA:594,0
LF:252
LH:0
end_of_record
SF:lib/floor_model/app_entity.dart
DA:15,0
DA:35,0
DA:53,0
DA:69,0
DA:88,0
DA:105,0
LF:6
LH:0
end_of_record
