SF:lib/ecarbon_history.dart
DA:10,12
DA:12,2
DA:13,2
DA:26,2
DA:28,2
DA:29,2
DA:30,2
DA:31,2
DA:32,2
DA:34,2
DA:36,2
DA:38,6
DA:43,2
DA:45,2
DA:47,2
DA:49,2
DA:52,2
DA:54,2
DA:55,2
DA:56,2
DA:57,2
DA:58,2
DA:60,8
DA:61,10
DA:62,10
DA:63,2
DA:64,2
DA:65,2
DA:70,2
DA:71,2
DA:84,2
DA:86,2
DA:88,2
DA:90,2
DA:92,8
DA:93,4
DA:94,2
LF:37
LH:37
end_of_record
SF:lib/echallenges.dart
DA:7,8
DA:9,1
DA:10,1
DA:31,1
DA:52,8
DA:60,1
DA:62,1
DA:64,1
DA:65,1
DA:69,1
DA:71,1
DA:74,1
DA:75,1
DA:77,1
DA:79,2
DA:82,2
DA:85,1
DA:86,1
DA:87,1
DA:101,1
DA:107,1
DA:109,1
DA:111,1
DA:112,1
DA:113,1
DA:115,1
DA:116,3
LF:27
LH:27
end_of_record
SF:lib/ehomepage.dart
DA:10,9
DA:12,7
DA:13,7
DA:19,7
DA:20,7
DA:21,0
DA:22,0
DA:23,0
DA:26,7
DA:27,21
DA:29,14
DA:33,7
DA:35,7
DA:36,7
DA:38,7
DA:39,7
DA:40,7
DA:41,7
DA:43,7
DA:44,7
DA:45,7
DA:48,7
DA:49,7
DA:50,7
DA:52,7
DA:53,7
DA:55,7
DA:57,7
DA:59,7
DA:61,7
DA:62,7
DA:64,7
DA:65,2
DA:66,2
DA:67,6
DA:70,7
DA:71,7
DA:73,7
DA:75,7
DA:77,7
DA:78,14
DA:79,7
DA:90,7
DA:91,7
DA:92,7
DA:93,7
DA:95,7
DA:96,7
DA:98,7
DA:100,7
DA:101,7
DA:103,7
DA:105,7
DA:106,7
DA:107,7
DA:108,7
DA:109,7
DA:111,14
DA:112,35
DA:113,7
DA:116,7
DA:117,0
DA:118,0
DA:119,0
DA:120,0
DA:123,7
DA:124,7
DA:142,7
DA:143,7
DA:145,7
DA:160,7
DA:162,7
DA:163,2
DA:164,2
DA:166,4
DA:189,7
DA:190,35
LF:77
LH:70
end_of_record
SF:lib/eleaderboards.dart
DA:5,8
DA:7,2
DA:8,2
DA:12,2
DA:13,12
DA:16,2
DA:17,2
DA:20,2
DA:22,2
DA:23,2
DA:24,2
DA:26,2
DA:27,2
DA:28,2
DA:29,2
DA:30,2
DA:31,4
DA:32,4
DA:33,2
DA:34,0
DA:36,2
DA:38,2
DA:39,2
DA:41,8
DA:43,2
DA:44,2
DA:45,4
DA:46,2
DA:47,4
DA:49,2
DA:50,2
DA:51,2
DA:52,2
DA:53,2
DA:54,2
DA:56,2
DA:58,4
DA:59,6
DA:70,2
DA:72,8
DA:74,2
DA:75,2
DA:76,2
DA:77,4
DA:78,2
DA:79,2
DA:80,0
DA:82,2
DA:83,6
DA:84,8
LF:50
LH:48
end_of_record
SF:lib/emap_nav.dart
DA:13,0
DA:15,0
DA:16,0
DA:38,0
DA:40,0
DA:41,0
DA:42,0
DA:43,0
DA:44,0
DA:48,0
DA:49,0
DA:50,0
DA:53,0
DA:54,0
DA:55,0
DA:56,0
DA:57,0
DA:58,0
DA:59,0
DA:61,0
DA:64,0
DA:65,0
DA:69,0
DA:70,0
DA:71,0
DA:72,0
DA:80,0
DA:82,0
DA:83,0
DA:84,0
DA:87,0
DA:92,0
DA:93,0
DA:94,0
DA:95,0
DA:100,0
DA:102,0
DA:104,0
DA:107,0
DA:109,0
DA:110,0
DA:112,0
DA:113,0
DA:114,0
DA:116,0
DA:117,0
DA:118,0
DA:119,0
DA:120,0
DA:121,0
DA:122,0
DA:123,0
DA:125,0
DA:129,0
DA:131,0
DA:132,0
DA:133,0
DA:136,0
DA:137,0
DA:138,0
DA:145,0
DA:146,0
DA:148,0
DA:150,0
DA:157,0
DA:158,0
DA:159,0
DA:160,0
DA:161,0
DA:162,0
DA:163,0
DA:166,0
DA:168,0
DA:172,0
DA:173,0
DA:174,0
DA:176,0
DA:177,0
DA:182,0
DA:186,0
DA:187,0
DA:189,0
DA:192,0
DA:198,0
DA:199,0
DA:200,0
DA:232,0
DA:233,0
DA:235,0
DA:236,0
DA:237,0
DA:241,0
DA:242,0
DA:243,0
DA:244,0
DA:248,0
DA:249,0
DA:250,0
DA:251,0
DA:252,0
DA:253,0
DA:254,0
DA:255,0
DA:257,0
DA:259,0
DA:262,0
DA:266,0
DA:267,0
DA:269,0
DA:270,0
DA:276,0
DA:277,0
DA:278,0
DA:285,0
DA:286,0
DA:290,0
DA:292,0
DA:293,0
DA:294,0
DA:295,0
DA:296,0
DA:299,0
DA:301,0
DA:302,0
DA:303,0
DA:304,0
DA:305,0
DA:307,0
DA:308,0
DA:309,0
DA:310,0
DA:311,0
DA:318,0
DA:320,0
DA:321,0
DA:322,0
DA:324,0
DA:325,0
DA:326,0
DA:327,0
DA:328,0
DA:329,0
DA:330,0
DA:331,0
DA:335,0
DA:336,0
DA:337,0
DA:340,0
DA:341,0
DA:345,0
DA:346,0
DA:347,0
DA:348,0
DA:349,0
DA:350,0
DA:351,0
DA:352,0
DA:353,0
DA:354,0
DA:355,0
DA:356,0
DA:357,0
DA:358,0
DA:359,0
DA:364,0
DA:367,0
DA:369,0
DA:370,0
DA:371,0
DA:373,0
DA:374,0
DA:376,0
DA:377,0
DA:378,0
DA:381,0
DA:382,0
DA:384,0
DA:386,0
DA:392,0
DA:394,0
DA:395,0
DA:396,0
DA:409,0
DA:411,0
DA:412,0
DA:421,0
LF:186
LH:0
end_of_record
SF:lib/eprofile.dart
DA:9,8
DA:11,2
DA:12,2
DA:16,2
DA:30,8
DA:32,2
DA:34,2
DA:36,2
DA:38,2
DA:44,2
DA:45,2
DA:47,2
DA:63,2
DA:65,2
DA:66,2
DA:67,2
DA:68,6
DA:71,2
DA:100,8
DA:102,2
DA:125,8
DA:127,2
DA:152,8
DA:154,2
DA:185,8
DA:194,2
DA:196,2
DA:197,2
DA:198,2
DA:200,2
DA:201,2
DA:205,2
DA:206,2
DA:207,4
DA:211,2
DA:214,2
DA:215,2
DA:217,2
DA:218,6
DA:232,2
DA:238,2
DA:240,2
DA:241,0
DA:242,0
DA:244,0
DA:247,2
DA:251,2
DA:253,2
DA:254,4
DA:265,8
DA:267,2
DA:269,2
DA:271,2
DA:296,8
DA:302,0
DA:304,2
DA:306,2
DA:308,2
DA:309,2
DA:310,2
DA:311,2
DA:312,2
DA:313,4
DA:317,2
DA:318,2
DA:319,2
DA:320,2
DA:338,2
DA:347,2
DA:357,2
DA:360,2
DA:362,2
DA:363,2
DA:364,2
DA:365,2
DA:366,2
DA:368,4
DA:369,2
DA:370,4
DA:374,2
DA:377,2
DA:378,4
DA:380,2
DA:381,2
DA:382,2
LF:85
LH:81
end_of_record
SF:lib/esettings.dart
DA:8,10
DA:10,2
DA:11,2
DA:15,2
DA:17,2
DA:18,2
DA:33,8
DA:35,2
DA:37,2
DA:39,2
DA:40,2
DA:45,2
DA:66,8
DA:68,2
DA:70,2
DA:72,2
DA:73,2
DA:78,2
DA:99,8
DA:101,2
DA:103,2
DA:105,2
DA:106,2
DA:111,2
DA:134,8
DA:136,2
DA:137,2
DA:144,0
DA:145,0
DA:149,0
DA:150,0
DA:155,2
DA:157,2
DA:159,2
DA:160,2
DA:161,2
DA:163,2
DA:165,2
DA:166,2
DA:167,4
DA:170,2
DA:171,2
DA:181,8
DA:183,2
DA:184,2
DA:191,2
DA:193,4
DA:194,2
DA:197,0
DA:198,0
DA:199,0
DA:203,2
DA:205,2
DA:207,2
DA:209,2
DA:210,8
DA:211,2
DA:212,2
DA:213,2
DA:214,2
DA:216,2
DA:219,2
DA:220,2
DA:221,2
DA:222,2
DA:233,8
DA:235,2
DA:236,2
DA:242,2
DA:244,2
DA:247,2
DA:248,2
DA:249,2
DA:251,2
DA:253,2
DA:254,2
DA:255,4
DA:258,2
DA:259,2
DA:260,0
DA:261,0
DA:262,0
LF:82
LH:72
end_of_record
SF:lib/main.dart
DA:5,0
DA:6,0
DA:10,12
DA:13,4
DA:15,4
DA:17,4
DA:19,4
LF:7
LH:5
end_of_record
SF:lib/page_template.dart
DA:9,21
DA:14,7
DA:16,7
DA:18,7
DA:19,7
DA:20,7
DA:25,7
DA:26,7
DA:37,10
DA:39,6
DA:40,6
DA:52,3
DA:53,6
DA:54,3
DA:58,6
DA:60,6
DA:61,0
DA:62,0
DA:64,6
DA:66,6
DA:67,12
DA:68,6
DA:83,6
DA:84,6
DA:85,6
DA:100,7
DA:108,7
DA:110,7
DA:112,7
DA:114,7
DA:115,7
DA:116,7
DA:117,7
DA:118,7
DA:120,14
DA:122,7
DA:125,7
DA:126,14
DA:128,7
DA:129,7
DA:130,7
LF:41
LH:39
end_of_record
